[0m[[0m[0mdebug[0m] [0m[0mRunning TaskDef(cc.learndata.leetcode.TwoSUmTest, org.scalatest.tools.Framework$$anon$1@59cc8975, false, [SuiteSelector])[0m
[0m[[0m[0minfo[0m] [0m[0m[32mTwoSUmTest:[0m[0m
[0m[[0m[0minfo[0m] [0m[0m[31m- the name is set correctly in constructor *** FAILED ***[0m[0m
[0m[[0m[0minfo[0m] [0m[0m[31m  Array(-1, -1) did not equal Array(1, 4) (TwoSumTest.scala:12)[0m[0m
[0m[[0m[0minfo[0m] [0m[0m[36mRun completed in 280 milliseconds.[0m[0m
[0m[[0m[0minfo[0m] [0m[0m[36mTotal number of tests run: 1[0m[0m
[0m[[0m[0minfo[0m] [0m[0m[36mSuites: completed 1, aborted 0[0m[0m
[0m[[0m[0minfo[0m] [0m[0m[36mTests: succeeded 0, failed 1, canceled 0, ignored 0, pending 0[0m[0m
[0m[[0m[0minfo[0m] [0m[0m[31m*** 1 TEST FAILED ***[0m[0m
[0m[[0m[31merror[0m] [0m[0mFailed tests:[0m
[0m[[0m[31merror[0m] [0m[0m	cc.learndata.leetcode.TwoSUmTest[0m
[0m[[0m[31merror[0m] [0m[0m(Test / [31mtest[0m) sbt.TestsFailedException: Tests unsuccessful[0m
